<?xml version="1.0" encoding="UTF-8"?>
<!-- Generated by org.testng.reporters.JUnitReportReporter -->
<testsuite hostname="Chakrapani-Chandana" failures="0" tests="1" name="BharatPractice.Tests.PracticeShoppingPage" time="17.309" errors="0" timestamp="2024-07-25T11:17:40 IST" skipped="0">
  <testcase classname="BharatPractice.Tests.PracticeShoppingPage" name="PracticeShopping" time="17.309"/>
</testsuite> <!-- BharatPractice.Tests.PracticeShoppingPage -->
