<?xml version="1.0" encoding="UTF-8"?>
<!-- Generated by org.testng.reporters.JUnitReportReporter -->
<testsuite hostname="Chakrapani-Chandana" failures="0" tests="3" name="BharatPractice.Tests.SubmitOrderTest" time="20.516" errors="0" timestamp="2024-08-19T14:58:49 IST" skipped="0">
  <testcase classname="BharatPractice.Tests.SubmitOrderTest" name="submitOrder" time="9.393"/>
  <testcase classname="BharatPractice.Tests.SubmitOrderTest" name="OrderHistoryTest" time="4.278"/>
  <testcase classname="BharatPractice.Tests.SubmitOrderTest" name="submitOrder" time="6.845"/>
</testsuite> <!-- BharatPractice.Tests.SubmitOrderTest -->
