<?xml version="1.0" encoding="UTF-8"?>
<!-- Generated by org.testng.reporters.JUnitReportReporter -->
<testsuite hostname="Chakrapani-Chandana" failures="0" tests="1" name="BharatPractice.Tests.ErrorValidations" time="11.458" errors="0" timestamp="2024-07-25T12:20:14 IST" skipped="0">
  <testcase classname="BharatPractice.Tests.ErrorValidations" name="PracticeShopping" time="11.458"/>
</testsuite> <!-- BharatPractice.Tests.ErrorValidations -->
